#-----------------------------------------------------------
# Vivado v2017.4 (64-bit)
# SW Build 2086221 on Fri Dec 15 20:55:39 MST 2017
# IP Build 2085800 on Fri Dec 15 22:25:07 MST 2017
# Start of session at: Wed Dec 14 21:17:54 2022
# Process ID: 16692
# Current directory: E:/GitHub/SUSTech_CS207_Project/carProject
# Command line: vivado.exe -gui_launcher_event rodinguilauncherevent5272 E:\GitHub\SUSTech_CS207_Project\carProject\carProject.xpr
# Log file: E:/GitHub/SUSTech_CS207_Project/carProject/vivado.log
# Journal file: E:/GitHub/SUSTech_CS207_Project/carProject\vivado.jou
#-----------------------------------------------------------
start_gui
open_project E:/GitHub/SUSTech_CS207_Project/carProject/carProject.xpr
INFO: [Project 1-313] Project file moved from 'D:/mycode/carProject' since last save.
Scanning sources...
Finished scanning sources
INFO: [IP_Flow 19-234] Refreshing IP repositories
INFO: [IP_Flow 19-1704] No user IP repositories specified
INFO: [IP_Flow 19-2313] Loaded Vivado IP repository 'C:/Xilinx/Vivado/2017.4/data/ip'.
update_compile_order -fileset sources_1
exit
INFO: [Common 17-206] Exiting Vivado at Wed Dec 14 21:19:41 2022...
